<?xml version="1.0" encoding="utf-8"?><testsuites name="pytest tests"><testsuite name="pytest" errors="0" failures="0" skipped="0" tests="30" time="33.717" timestamp="2026-09-17T20:44:46.732612+08:00" hostname="fishdeMacBook-Air.local"><testcase classname="tests.active_learning_v2.test_center_width_performance" name="test_cw_hidden_truth_mutation_leaves_actual_gradient_and_selection_unchanged" time="9.739" /><testcase classname="tests.active_learning_v2.test_center_width_performance" name="test_invalid_batch_rejected[ids0-pool0]" time="0.001" /><testcase classname="tests.active_learning_v2.test_center_width_performance" name="test_invalid_batch_rejected[ids1-pool1]" time="0.001" /><testcase classname="tests.active_learning_v2.test_center_width_performance" name="test_invalid_batch_rejected[ids2-pool2]" time="0.001" /><testcase classname="tests.active_learning_v2.test_center_width_performance" name="test_acquisition_and_prediction_freezes_reject_tampering_before_truth" time="0.003" /><testcase classname="tests.active_learning_v2.test_center_width_performance" name="test_execution_requires_acquisition_freeze_before_selected_truth" time="0.001" /><testcase classname="tests.active_learning_v2.test_center_width_performance" name="test_decision_rule_complete_cohort_wins_mean_and_endpoint_guard" time="0.005" /><testcase classname="tests.active_learning_v2.test_center_width_performance" name="test_non_development_seed_rejected_before_artifact_read" time="0.001" /><testcase classname="tests.active_learning_v2.test_innovation_screen" name="test_generic_scaled_output_gradient_matches_authoritative_raw_and_lcmd" time="0.024" /><testcase classname="tests.active_learning_v2.test_innovation_screen" name="test_multi_transform_single_pass_matches_generic_extractors" time="0.017" /><testcase classname="tests.active_learning_v2.test_innovation_screen" name="test_historical_seed73_scaled_gradient_and_selected_id_regression" time="4.552" /><testcase classname="tests.active_learning_v2.test_innovation_screen" name="test_power_transforms_audit_zero_rows_and_are_deterministic" time="0.001" /><testcase classname="tests.active_learning_v2.test_innovation_screen" name="test_whitening_is_finite_symmetric_and_center_width_formula_is_exact" time="0.001" /><testcase classname="tests.active_learning_v2.test_innovation_screen" name="test_norm_topb_has_canonical_stable_ties" time="0.001" /><testcase classname="tests.active_learning_v2.test_innovation_screen" name="test_all_innovation_methods_are_unique_and_deterministic" time="0.011" /><testcase classname="tests.active_learning_v2.test_innovation_screen" name="test_latent_lcmd_and_gradient_farthest_first_return_unique_rows" time="0.004" /><testcase classname="tests.active_learning_v2.test_innovation_screen" name="test_l0_only_transforms_ignore_mutated_u0_and_test_truth" time="0.012" /><testcase classname="tests.active_learning_v2.test_innovation_screen" name="test_confirmation_seed_is_rejected_before_truth_access" time="0.001" /><testcase classname="tests.active_learning_v2.test_no_label_leakage" name="test_hidden_u0_and_test_mutation_cannot_change_acquisition" time="9.279" /><testcase classname="tests.active_learning_v2.test_no_label_leakage" name="test_test_truth_access_is_blocked_until_predictions_freeze" time="0.006" /><testcase classname="tests.active_learning_v2.test_no_label_leakage" name="test_acquisition_freeze_accepts_only_u0_ids" time="0.006" /><testcase classname="tests.active_learning_v2.test_lcmd" name="test_lcmd_selects_farthest_point_from_largest_cluster" time="0.001" /><testcase classname="tests.active_learning_v2.test_lcmd" name="test_tp_semantics_install_l0_before_first_pool_point" time="0.001" /><testcase classname="tests.active_learning_v2.test_lcmd" name="test_lcmd_selection_is_unique_pool_only_and_deterministic" time="0.002" /><testcase classname="tests.active_learning_v2.test_gradient_sketch" name="test_countsketch_mapping_and_projection_are_deterministic" time="0.001" /><testcase classname="tests.active_learning_v2.test_gradient_sketch" name="test_full_trainable_toy_gradient_sketch_is_repeatable_and_finite" time="0.010" /><testcase classname="tests.active_learning_v2.test_row_protocol" name="test_frozen_outer_seeds_and_integer_role_counts" time="0.052" /><testcase classname="tests.active_learning_v2.test_row_protocol" name="test_canonical_counts_are_read_and_checked_against_qualification" time="0.014" /><testcase classname="tests.active_learning_v2.test_row_protocol" name="test_row_partition_uses_no_target_columns_and_is_deterministic" time="0.005" /><testcase classname="tests.active_learning_v2.test_row_protocol" name="test_random_controls_are_independent_deterministic_exact_batches" time="0.001" /></testsuite></testsuites>